
R version 4.4.0 (2024-04-24) -- "Puppy Cup"
Copyright (C) 2024 The R Foundation for Statistical Computing
Platform: aarch64-apple-darwin20

R is free software and comes with ABSOLUTELY NO WARRANTY.
You are welcome to redistribute it under certain conditions.
Type 'license()' or 'licence()' for distribution details.

  Natural language support but running in an English locale

R is a collaborative project with many contributors.
Type 'contributors()' for more information and
'citation()' on how to cite R or R packages in publications.

Type 'demo()' for some demos, 'help()' for on-line help, or
'help.start()' for an HTML browser interface to help.
Type 'q()' to quit R.

> #disappeared.R
> # Single family lots that aren't there any more but are duplexes
> # Generally get 2024 status of 2016 lots; confine to 30' or 50' by 120 and have laneway
> # Tom Davidoff
> # March 17, 2025
> 
> WIDTH_TOLERANCE <- 2 # 2 foot tolerance around tolerated lot sizes
> DEPTH_TOLERANCE <- 4 # 2 foot tolerance around tolerated lot sizes
> 
> library(data.table)
> library(RSQLite)
> 
> 
> # 2016 lots, see which have disappeared and become duplexes
> 
> # read from sqlite3 file "~/docs/data/bca/REVD16_and_inventory_extracts.sqlite3" "residentialInventory", get fields: RollNumber, zoning, land_width, land_depth, MB_year_built; and select on  jurisdiction=="City of Vancouver"
> 
> # open connection first
> con <- dbConnect(RSQLite::SQLite(), "~/docs/data/bca/REVD16_and_inventory_extracts.sqlite3")
> dI <- dbGetQuery(con, "SELECT  roll_number, zoning, land_width, land_depth, MB_year_built, MB_effective_year FROM residentialInventory WHERE jurisdiction=='200' AND (zoning=='RS1' OR zoning=='RS2' OR zoning=='RS3' OR zoning=='RS3A' OR zoning=='RS4' OR zoning=='RS5' OR zoning=='RS6' OR zoning=='RS7' )")
> dI <- data.table(dI)
> print(summary(dI[,as.numeric(land_depth)]))
   Min. 1st Qu.  Median    Mean 3rd Qu.    Max.    NA's 
    4.6   112.7   122.0   122.7   127.0   477.4      73 
> dI[,thirty:=land_width<=33+WIDTH_TOLERANCE & land_width>=33-WIDTH_TOLERANCE & land_depth<=122+2*DEPTH_TOLERANCE & land_depth>=122-2*DEPTH_TOLERANCE]
> dI[,fifty:=land_width<=50+WIDTH_TOLERANCE & land_width>=50-WIDTH_TOLERANCE & land_depth<=122+2*DEPTH_TOLERANCE & land_depth>=122-2*DEPTH_TOLERANCE]
> print(table(dI[,.(thirty,fifty)]))
       fifty
thirty  FALSE  TRUE
  FALSE 41212  4625
  TRUE  19440     0
> dI <- dI[thirty==TRUE | fifty==TRUE]
> 
> 
> da <- dbGetQuery(con, "SELECT folioID,streetNumber,streetDirectionPrefix,streetName,streetType,streetDirectionSuffix,postalCode,city FROM address ")
> 
> df <- dbGetQuery(con,"SELECT folioID,rollNumber from folio")
