
R version 4.4.0 (2024-04-24) -- "Puppy Cup"
Copyright (C) 2024 The R Foundation for Statistical Computing
Platform: aarch64-apple-darwin20

R is free software and comes with ABSOLUTELY NO WARRANTY.
You are welcome to redistribute it under certain conditions.
Type 'license()' or 'licence()' for distribution details.

  Natural language support but running in an English locale

R is a collaborative project with many contributors.
Type 'contributors()' for more information and
'citation()' on how to cite R or R packages in publications.

Type 'demo()' for some demos, 'help()' for on-line help, or
'help.start()' for an HTML browser interface to help.
Type 'q()' to quit R.

> # main.R
> # R to analyze spec/custom choice
> # Tom Davidoff
> 
> library(data.table)
> library(readstata13)
> library(fixest)
> library(ggplot2)
> 
> do16 <- 0
> if (do16==1)  {
+     (source("scripts/get16.R"))
+ }
> d16 <- fread("data/derived/baseline16.csv")
> print(summary(d16))
   folioID           roll_number             MB_year_built  MB_effective_year
 Length:69497       Min.   : 1019632060000   Min.   :1900   Min.   :1908     
 Class :character   1st Qu.: 6830087800000   1st Qu.:1946   1st Qu.:1968     
 Mode  :character   Median :16748195310000   Median :1977   Median :1986     
                    Mean   :14860433825956   Mean   :1972   Mean   :1985     
                    3rd Qu.:21631300230000   3rd Qu.:1998   3rd Qu.:2001     
                    Max.   :25830270850000   Max.   :2020   Max.   :2020     
                                             NA's   :62     NA's   :62       
   landValue        improvementValue    streetNumber  streetDirectionPrefix
 Min.   :   91700   Min.   :       0   Min.   :   2   Length:69497         
 1st Qu.: 1022000   1st Qu.:   53900   1st Qu.:1810   Class :character     
 Median : 1258000   Median :  162000   Median :3057   Mode  :character     
 Mean   : 1654947   Mean   :  287304   Mean   :3224                        
 3rd Qu.: 2021000   3rd Qu.:  350000   3rd Qu.:4450                        
 Max.   :41052000   Max.   :23273000   Max.   :8630                        
                                       NA's   :2                           
  streetName         streetType        streetDirectionSuffix  postalCode       
 Length:69497       Length:69497       Length:69497          Length:69497      
 Class :character   Class :character   Class :character      Class :character  
 Mode  :character   Mode  :character   Mode  :character      Mode  :character  
                                                                               
                                                                               
                                                                               
                                                                               
     city             thirty          fifty           laneok       
 Length:69497       Mode :logical   Mode :logical   Mode :logical  
 Class :character   FALSE:48848     FALSE:64506     FALSE:5372     
 Mode  :character   TRUE :20649     TRUE :4991      TRUE :58431    
                                                    NA's :5694     
                                                                   
                                                                   
                                                                   
> 
> do24 <- 0
> if (do24==1)  {
+     (source("scripts/get24.R"))
+ }
> d24 <- fread("data/derived/use24.csv")
> print(summary(d24))
   FOLIO_ID         ACTUAL_USE_DESCRIPTION JURISDICTION_CODE NEIGHBOURHOOD     
 Length:77530       Length:77530           Min.   :200       Length:77530      
 Class :character   Class :character       1st Qu.:200       Class :character  
 Mode  :character   Mode  :character       Median :200       Mode  :character  
                                           Mean   :200                         
                                           3rd Qu.:200                         
                                           Max.   :200                         
                                                                               
     nchar      splitspot    rollStart            rollEnd24       
 Min.   :15   Min.   :11   Min.   : 101963206   Min.   :   0.000  
 1st Qu.:15   1st Qu.:11   1st Qu.: 813073905   1st Qu.:   0.000  
 Median :15   Median :11   Median :1721681936   Median :   0.000  
 Mean   :15   Mean   :11   Mean   :1507320016   Mean   :   0.694  
 3rd Qu.:15   3rd Qu.:11   3rd Qu.:2163827160   3rd Qu.:   0.000  
 Max.   :15   Max.   :11   Max.   :2583027085   Max.   :4001.000  
                                                                  
  Jurisdiction MB_Year_Built     Zoning          ROLL_NUMBER24           
 Min.   :200   Min.   :1900   Length:77530       Min.   : 1019632060000  
 1st Qu.:200   1st Qu.:1950   Class :character   1st Qu.: 8130739050000  
 Median :200   Median :1986   Mode  :character   Median :17216819360000  
 Mean   :200   Mean   :1977                      Mean   :15073200163654  
 3rd Qu.:200   3rd Qu.:2008                      3rd Qu.:21638271600000  
 Max.   :200   Max.   :2023                      Max.   :25830270850000  
               NA's   :523                                               
 UNIT_NUMBER        STREET_NUMBER   STREET_DIRECTION_PREFIX STREET_NAME       
 Length:77530       Min.   :    1   Length:77530            Length:77530      
 Class :character   1st Qu.: 1753   Class :character        Class :character  
 Mode  :character   Median : 3074   Mode  :character        Mode  :character  
                    Mean   : 3229                                             
                    3rd Qu.: 4465                                             
                    Max.   :74088                                             
                    NA's   :21                                                
 STREET_TYPE        STREET_DIRECTION_SUFFIX POSTAL_CODE       
 Length:77530       Length:77530            Length:77530      
 Class :character   Class :character        Class :character  
 Mode  :character   Mode  :character        Mode  :character  
                                                              
                                                              
                                                              
                                                              
 fullStreet24       streetNoNumber24   streetNumber24 
 Length:77530       Length:77530       Min.   :    1  
 Class :character   Class :character   1st Qu.: 1753  
 Mode  :character   Mode  :character   Median : 3074  
                                       Mean   : 3229  
                                       3rd Qu.: 4465  
                                       Max.   :74088  
                                       NA's   :21     
> 
> 
> # merge on roll number fragment
> 
> d24[,rollStart:=as.numeric(rollStart)]
> d24[,rollEnd24:=as.numeric(rollEnd24)]
> 
> d16[,rollStart:=floor(roll_number/10000)]
> d16[,rollEnd16:=roll_number %% 10000]
> 
> d24 <- merge(d24,d16,by.x=c("rollStart"),by.y=c("rollStart")) 
> print(summary(d24))
   rollStart           FOLIO_ID         ACTUAL_USE_DESCRIPTION
 Min.   :1.020e+08   Length:87300       Length:87300          
 1st Qu.:8.737e+08   Class :character   Class :character      
 Median :1.723e+09   Mode  :character   Mode  :character      
 Mean   :1.523e+09                                            
 3rd Qu.:2.164e+09                                            
 Max.   :2.583e+09                                            
                                                              
 JURISDICTION_CODE NEIGHBOURHOOD          nchar      splitspot 
 Min.   :200       Length:87300       Min.   :15   Min.   :11  
 1st Qu.:200       Class :character   1st Qu.:15   1st Qu.:11  
 Median :200       Mode  :character   Median :15   Median :11  
 Mean   :200                          Mean   :15   Mean   :11  
 3rd Qu.:200                          3rd Qu.:15   3rd Qu.:11  
 Max.   :200                          Max.   :15   Max.   :11  
                                                               
   rollEnd24         Jurisdiction MB_Year_Built     Zoning         
 Min.   :   0.000   Min.   :200   Min.   :1900   Length:87300      
 1st Qu.:   0.000   1st Qu.:200   1st Qu.:1952   Class :character  
 Median :   0.000   Median :200   Median :1989   Mode  :character  
 Mean   :   0.613   Mean   :200   Mean   :1980                     
 3rd Qu.:   0.000   3rd Qu.:200   3rd Qu.:2011                     
 Max.   :4001.000   Max.   :200   Max.   :2023                     
                                  NA's   :379                      
 ROLL_NUMBER24            UNIT_NUMBER        STREET_NUMBER  
 Min.   : 1019632060000   Length:87300       Min.   :    1  
 1st Qu.: 8737125550000   Class :character   1st Qu.: 1709  
 Median :17231793740000   Mode  :character   Median : 3057  
 Mean   :15234738723017                      Mean   : 3211  
 3rd Qu.:21641275380000                      3rd Qu.: 4453  
 Max.   :25830270850000                      Max.   :74088  
                                             NA's   :8      
 STREET_DIRECTION_PREFIX STREET_NAME        STREET_TYPE       
 Length:87300            Length:87300       Length:87300      
 Class :character        Class :character   Class :character  
 Mode  :character        Mode  :character   Mode  :character  
                                                              
                                                              
                                                              
                                                              
 STREET_DIRECTION_SUFFIX POSTAL_CODE        fullStreet24      
 Length:87300            Length:87300       Length:87300      
 Class :character        Class :character   Class :character  
 Mode  :character        Mode  :character   Mode  :character  
                                                              
                                                              
                                                              
                                                              
 streetNoNumber24   streetNumber24    folioID           roll_number            
 Length:87300       Min.   :    1   Length:87300       Min.   : 1019632060000  
 Class :character   1st Qu.: 1709   Class :character   1st Qu.: 8737125550000  
 Mode  :character   Median : 3057   Mode  :character   Median :17231793740000  
                    Mean   : 3211                      Mean   :15234738723016  
                    3rd Qu.: 4453                      3rd Qu.:21641275380000  
                    Max.   :74088                      Max.   :25830270850000  
                    NA's   :8                                                  
 MB_year_built  MB_effective_year   landValue        improvementValue  
 Min.   :1900   Min.   :1908      Min.   :   91700   Min.   :       0  
 1st Qu.:1948   1st Qu.:1970      1st Qu.: 1028000   1st Qu.:   53800  
 Median :1985   Median :1990      Median : 1250000   Median :  182000  
 Mean   :1976   Mean   :1988      Mean   : 1617363   Mean   :  313596  
 3rd Qu.:2009   3rd Qu.:2010      3rd Qu.: 1975000   3rd Qu.:  419000  
 Max.   :2020   Max.   :2020      Max.   :41052000   Max.   :23273000  
 NA's   :119    NA's   :119                                            
  streetNumber  streetDirectionPrefix  streetName         streetType       
 Min.   :   2   Length:87300          Length:87300       Length:87300      
 1st Qu.:1703   Class :character      Class :character   Class :character  
 Median :3054   Mode  :character      Mode  :character   Mode  :character  
 Mean   :3205                                                              
 3rd Qu.:4448                                                              
 Max.   :8630                                                              
 NA's   :4                                                                 
 streetDirectionSuffix  postalCode            city             thirty       
 Length:87300          Length:87300       Length:87300       Mode :logical  
 Class :character      Class :character   Class :character   FALSE:61587    
 Mode  :character      Mode  :character   Mode  :character   TRUE :25713    
                                                                            
                                                                            
                                                                            
                                                                            
   fifty           laneok          rollEnd16
 Mode :logical   Mode :logical   Min.   :0  
 FALSE:81077     FALSE:5764      1st Qu.:0  
 TRUE :6223      TRUE :69017     Median :0  
                 NA's :12519     Mean   :0  
                                 3rd Qu.:0  
                                 Max.   :2  
                                            
> d24 <- d24[laneok==1]
> 
> dLaneway <- openxlsx::read.xlsx("data/raw/20250401_UBC_CustomLanewayReport.xlsx")
> #dLaneway <- read.dta13("data/raw/Laneway list 2015-23.dta")
> print(names(dLaneway))
[1] "Area"      "Jur"       "Roll"      "PID"       "PrimAUC"   "MCC"      
[7] "YearBuilt"
> dLaneway <- data.table(dLaneway)[,.(Roll,Jur,YearBuilt)]
> print(table(dLaneway[,Jur]))

 200 
5918 
> dLaneway[,Jur==NULL]
logical(0)
> dLaneway[,Roll:=as.character(as.numeric(Roll))]
> dLaneway[,hasLaneway:=1]
> d24[,Roll:=as.character(roll_number)]
> 
> d24 <- merge(d24,dLaneway,by="Roll",all.x=TRUE,all.y=TRUE)
> print(table(d24[,.(is.na(hasLaneway),is.na(rollEnd24))])) # about 50% of laneways -- not bad as all 30 50
       V2
V1      FALSE  TRUE
  FALSE 12374   905
  TRUE  56643     0
> print(summary(d24[hasLaneway==1]))
     Roll             rollStart           FOLIO_ID        
 Length:13279       Min.   :1.024e+08   Length:13279      
 Class :character   1st Qu.:1.177e+09   Class :character  
 Mode  :character   Median :1.782e+09   Mode  :character  
                    Mean   :1.679e+09                     
                    3rd Qu.:2.269e+09                     
                    Max.   :2.583e+09                     
                    NA's   :905                           
 ACTUAL_USE_DESCRIPTION JURISDICTION_CODE NEIGHBOURHOOD          nchar    
 Length:13279           Min.   :200       Length:13279       Min.   :15   
 Class :character       1st Qu.:200       Class :character   1st Qu.:15   
 Mode  :character       Median :200       Mode  :character   Median :15   
                        Mean   :200                          Mean   :15   
                        3rd Qu.:200                          3rd Qu.:15   
                        Max.   :200                          Max.   :15   
                        NA's   :905                          NA's   :905  
   splitspot     rollEnd24    Jurisdiction MB_Year_Built     Zoning         
 Min.   :11    Min.   :0     Min.   :200   Min.   :1905   Length:13279      
 1st Qu.:11    1st Qu.:0     1st Qu.:200   1st Qu.:1997   Class :character  
 Median :11    Median :0     Median :200   Median :2014   Mode  :character  
 Mean   :11    Mean   :0     Mean   :200   Mean   :2001                     
 3rd Qu.:11    3rd Qu.:0     3rd Qu.:200   3rd Qu.:2018                     
 Max.   :11    Max.   :0     Max.   :200   Max.   :2023                     
 NA's   :905   NA's   :905   NA's   :905   NA's   :1003                     
 ROLL_NUMBER24            UNIT_NUMBER        STREET_NUMBER  
 Min.   : 1023637870000   Length:13279       Min.   :    2  
 1st Qu.:11769175260000   Class :character   1st Qu.: 1396  
 Median :17819230710000   Mode  :character   Median : 2943  
 Mean   :16792934114959                      Mean   : 3133  
 3rd Qu.:22692282770000                      3rd Qu.: 4456  
 Max.   :25828269350000                      Max.   :74088  
 NA's   :           905                      NA's   :908    
 STREET_DIRECTION_PREFIX STREET_NAME        STREET_TYPE       
 Length:13279            Length:13279       Length:13279      
 Class :character        Class :character   Class :character  
 Mode  :character        Mode  :character   Mode  :character  
                                                              
                                                              
                                                              
                                                              
 STREET_DIRECTION_SUFFIX POSTAL_CODE        fullStreet24      
 Length:13279            Length:13279       Length:13279      
 Class :character        Class :character   Class :character  
 Mode  :character        Mode  :character   Mode  :character  
                                                              
                                                              
                                                              
                                                              
 streetNoNumber24   streetNumber24    folioID           roll_number            
 Length:13279       Min.   :    2   Length:13279       Min.   : 1023637870000  
 Class :character   1st Qu.: 1396   Class :character   1st Qu.:11769175260000  
 Mode  :character   Median : 2943   Mode  :character   Median :17819230710000  
                    Mean   : 3133                      Mean   :16792934114959  
                    3rd Qu.: 4456                      3rd Qu.:22692282770000  
                    Max.   :74088                      Max.   :25828269350000  
                    NA's   :908                        NA's   :           905  
 MB_year_built  MB_effective_year   landValue        improvementValue 
 Min.   :1905   Min.   :1923      Min.   :  177000   Min.   :      0  
 1st Qu.:1962   1st Qu.:1980      1st Qu.: 1040250   1st Qu.:  36700  
 Median :2011   Median :2011      Median : 1219000   Median : 203000  
 Mean   :1991   Mean   :1998      Mean   : 1462160   Mean   : 329299  
 3rd Qu.:2015   3rd Qu.:2016      3rd Qu.: 1637000   3rd Qu.: 516000  
 Max.   :2020   Max.   :2020      Max.   :13538000   Max.   :7811000  
 NA's   :949    NA's   :949       NA's   :905        NA's   :905      
  streetNumber  streetDirectionPrefix  streetName         streetType       
 Min.   :   3   Length:13279          Length:13279       Length:13279      
 1st Qu.:1334   Class :character      Class :character   Class :character  
 Median :2912   Mode  :character      Mode  :character   Mode  :character  
 Mean   :3075                                                              
 3rd Qu.:4320                                                              
 Max.   :8515                                                              
 NA's   :905                                                               
 streetDirectionSuffix  postalCode            city             thirty       
 Length:13279          Length:13279       Length:13279       Mode :logical  
 Class :character      Class :character   Class :character   FALSE:8715     
 Mode  :character      Mode  :character   Mode  :character   TRUE :3659     
                                                             NA's :905      
                                                                            
                                                                            
                                                                            
   fifty          laneok          rollEnd16       Jur           
 Mode :logical   Mode:logical   Min.   :  0   Length:13279      
 FALSE:11472     TRUE:12374     1st Qu.:  0   Class :character  
 TRUE :902       NA's:905       Median :  0   Mode  :character  
 NA's :905                      Mean   :  0                     
                                3rd Qu.:  0                     
                                Max.   :  0                     
                                NA's   :905                     
  YearBuilt           hasLaneway
 Length:13279       Min.   :1   
 Class :character   1st Qu.:1   
 Mode  :character   Median :1   
                    Mean   :1   
                    3rd Qu.:1   
                    Max.   :1   
                                
> print(summary(d24[,YearBuilt==MB_Year_Built]))
   Mode   FALSE    TRUE    NA's 
logical    5764    6512   57646 
> d24[,hasLaneway:=ifelse(is.na(hasLaneway),0,hasLaneway)]
> 
> # get max transaction date by roll rumber
> dMaxSale <- fread("data/derived/maxSale.csv")
